<?xml version="1.0" encoding="UTF-8"?>
<testng-results skipped="0" failed="0" total="1" passed="1">
  <reporter-output>
  </reporter-output>
  <suite name="Default suite" duration-ms="29716" started-at="2019-08-15T03:39:28Z" finished-at="2019-08-15T03:39:58Z">
    <groups>
    </groups>
    <test name="Default test" duration-ms="29716" started-at="2019-08-15T03:39:28Z" finished-at="2019-08-15T03:39:58Z">
      <class name="Testcase.LoginPage">
        <test-method status="PASS" signature="InitializeBrowser()[pri:0, instance:Testcase.LoginPage@29774679]" name="InitializeBrowser" is-config="true" duration-ms="10348" started-at="2019-08-15T09:09:28Z" finished-at="2019-08-15T09:09:38Z">
          <reporter-output>
          </reporter-output>
        </test-method> <!-- InitializeBrowser -->
        <test-method status="PASS" signature="launchApp()[pri:0, instance:Testcase.LoginPage@29774679]" name="launchApp" is-config="true" duration-ms="13536" started-at="2019-08-15T09:09:39Z" finished-at="2019-08-15T09:09:52Z">
          <reporter-output>
          </reporter-output>
        </test-method> <!-- launchApp -->
        <test-method status="PASS" signature="loginApp()[pri:0, instance:Testcase.LoginPage@29774679]" name="loginApp" duration-ms="4069" started-at="2019-08-15T09:09:52Z" finished-at="2019-08-15T09:09:56Z">
          <reporter-output>
          </reporter-output>
        </test-method> <!-- loginApp -->
        <test-method status="PASS" signature="closeApp()[pri:0, instance:Testcase.LoginPage@29774679]" name="closeApp" is-config="true" duration-ms="1699" started-at="2019-08-15T09:09:56Z" finished-at="2019-08-15T09:09:58Z">
          <reporter-output>
          </reporter-output>
        </test-method> <!-- closeApp -->
      </class> <!-- Testcase.LoginPage -->
    </test> <!-- Default test -->
  </suite> <!-- Default suite -->
</testng-results>
